Epoch: 5
	 TRAIN: {'MRR': 0.34782665967941284, 'hits@[1,3,10]': tensor([0.2227, 0.4067, 0.5902])}
	 VALID: {'MRR': 0.2559650093317032, 'hits@[1,3,10]': tensor([0.1492, 0.2977, 0.4734])}
Epoch: 10
	 TRAIN: {'MRR': 0.6969689726829529, 'hits@[1,3,10]': tensor([0.5610, 0.8049, 0.9167])}
	 VALID: {'MRR': 0.4926990419626236, 'hits@[1,3,10]': tensor([0.3493, 0.5830, 0.7592])}
Epoch: 15
	 TRAIN: {'MRR': 0.8564460277557373, 'hits@[1,3,10]': tensor([0.7638, 0.9426, 0.9820])}
	 VALID: {'MRR': 0.6377156972885132, 'hits@[1,3,10]': tensor([0.4963, 0.7420, 0.8800])}
Epoch: 20
	 TRAIN: {'MRR': 0.9246446192264557, 'hits@[1,3,10]': tensor([0.8673, 0.9803, 0.9951])}
	 VALID: {'MRR': 0.7331407964229584, 'hits@[1,3,10]': tensor([0.6085, 0.8373, 0.9230])}
Epoch: 25
	 TRAIN: {'MRR': 0.9537718296051025, 'hits@[1,3,10]': tensor([0.9150, 0.9922, 0.9988])}
	 VALID: {'MRR': 0.7967333495616913, 'hits@[1,3,10]': tensor([0.6982, 0.8859, 0.9387])}
Epoch: 30
	 TRAIN: {'MRR': 0.9716615974903107, 'hits@[1,3,10]': tensor([0.9464, 0.9974, 0.9997])}
	 VALID: {'MRR': 0.8376276791095734, 'hits@[1,3,10]': tensor([0.7588, 0.9065, 0.9447])}
Epoch: 35
	 TRAIN: {'MRR': 0.9847089648246765, 'hits@[1,3,10]': tensor([0.9705, 0.9991, 0.9998])}
	 VALID: {'MRR': 0.8619352877140045, 'hits@[1,3,10]': tensor([0.7992, 0.9166, 0.9450])}
Epoch: 40
	 TRAIN: {'MRR': 0.9903048574924469, 'hits@[1,3,10]': tensor([0.9810, 0.9996, 1.0000])}
	 VALID: {'MRR': 0.8786171078681946, 'hits@[1,3,10]': tensor([0.8287, 0.9192, 0.9458])}
Epoch: 45
	 TRAIN: {'MRR': 0.9942208230495453, 'hits@[1,3,10]': tensor([0.9886, 0.9998, 1.0000])}
	 VALID: {'MRR': 0.8897958993911743, 'hits@[1,3,10]': tensor([0.8493, 0.9215, 0.9454])}
Epoch: 50
	 TRAIN: {'MRR': 0.9967343807220459, 'hits@[1,3,10]': tensor([0.9936, 0.9999, 1.0000])}
	 VALID: {'MRR': 0.8997635245323181, 'hits@[1,3,10]': tensor([0.8691, 0.9211, 0.9447])}
Epoch: 55
	 TRAIN: {'MRR': 0.9981396794319153, 'hits@[1,3,10]': tensor([0.9964, 0.9999, 1.0000])}
	 VALID: {'MRR': 0.9050862491130829, 'hits@[1,3,10]': tensor([0.8792, 0.9222, 0.9432])}
Epoch: 60
	 TRAIN: {'MRR': 0.9984704554080963, 'hits@[1,3,10]': tensor([0.9970, 0.9999, 1.0000])}
	 VALID: {'MRR': 0.9080299735069275, 'hits@[1,3,10]': tensor([0.8852, 0.9226, 0.9424])}
Epoch: 65
	 TRAIN: {'MRR': 0.9991766810417175, 'hits@[1,3,10]': tensor([0.9984, 0.9999, 1.0000])}
	 VALID: {'MRR': 0.9110536575317383, 'hits@[1,3,10]': tensor([0.8912, 0.9233, 0.9424])}
Epoch: 70
	 TRAIN: {'MRR': 0.9994144141674042, 'hits@[1,3,10]': tensor([0.9989, 1.0000, 1.0000])}
	 VALID: {'MRR': 0.9121836423873901, 'hits@[1,3,10]': tensor([0.8930, 0.9233, 0.9432])}
